<?xml version="1.0" encoding="UTF-8"?>
<!-- Generated by org.testng.reporters.JUnitReportReporter -->
<testsuite hostname="C100-176" failures="0" tests="1" name="PracticeTesting.EasyCollab.Tests.PositiveTestCases.ProfileDropdownTest" time="9.150" errors="0" timestamp="2023-12-26T10:11:11 IST" skipped="0">
  <testcase classname="PracticeTesting.EasyCollab.Tests.PositiveTestCases.ProfileDropdownTest" name="ProfileClickValidation" time="9.150"/>
</testsuite> <!-- PracticeTesting.EasyCollab.Tests.PositiveTestCases.ProfileDropdownTest -->
