<?xml version="1.0" encoding="UTF-8"?>
<!-- Generated by org.testng.reporters.JUnitReportReporter -->
<testsuite hostname="C100-176" failures="0" tests="1" name="PracticeTesting.EasyCollab.Tests.NegativeTestCases.ForgetPasswordNegativeTestCase" time="19.053" errors="0" timestamp="2023-12-25T15:18:16 IST" skipped="0">
  <testcase classname="PracticeTesting.EasyCollab.Tests.NegativeTestCases.ForgetPasswordNegativeTestCase" name="InvalidEmailAddressValidation" time="19.053"/>
</testsuite> <!-- PracticeTesting.EasyCollab.Tests.NegativeTestCases.ForgetPasswordNegativeTestCase -->
