<?xml version="1.0" encoding="UTF-8"?>
<!-- Generated by org.testng.reporters.JUnitReportReporter -->
<testsuite hostname="C100-176" failures="0" tests="1" name="PracticeTesting.EasyCollab.Tests.PositiveTestCases.ChangePasswordPositiveTest" time="12.523" errors="0" timestamp="2023-11-24T17:28:01 IST" skipped="0">
  <testcase classname="PracticeTesting.EasyCollab.Tests.PositiveTestCases.ChangePasswordPositiveTest" name="ValidChangePasswordValidation" time="12.523"/>
</testsuite> <!-- PracticeTesting.EasyCollab.Tests.PositiveTestCases.ChangePasswordPositiveTest -->
