<?xml version="1.0" encoding="UTF-8"?>
<!-- Generated by org.testng.reporters.JUnitReportReporter -->
<testsuite hostname="C100-176" failures="0" tests="2" name="PracticeTesting.EasyCollab.Tests.NegativeTestCases.TimeSheetNegativeTestCase" time="15.683" errors="0" timestamp="2023-12-25T15:45:44 IST" skipped="0">
  <testcase classname="PracticeTesting.EasyCollab.Tests.NegativeTestCases.TimeSheetNegativeTestCase" name="ValiatingforEmptyFields" time="8.255"/>
  <testcase classname="PracticeTesting.EasyCollab.Tests.NegativeTestCases.TimeSheetNegativeTestCase" name="ValiatingforLeaveEmptyFields" time="7.428"/>
</testsuite> <!-- PracticeTesting.EasyCollab.Tests.NegativeTestCases.TimeSheetNegativeTestCase -->
