<?xml version="1.0" encoding="UTF-8"?>
<!-- Generated by org.testng.reporters.JUnitReportReporter -->
<testsuite hostname="C100-176" failures="0" tests="1" name="PracticeTesting.EasyCollab.Tests.PositiveTestCases.ForgetPasswordTestCases" time="10.524" errors="0" timestamp="2023-12-25T15:06:01 IST" skipped="0">
  <testcase classname="PracticeTesting.EasyCollab.Tests.PositiveTestCases.ForgetPasswordTestCases" name="EmailAddressValidation" time="10.524"/>
</testsuite> <!-- PracticeTesting.EasyCollab.Tests.PositiveTestCases.ForgetPasswordTestCases -->
