<?xml version="1.0" encoding="UTF-8"?>
<!-- Generated by org.testng.reporters.JUnitReportReporter -->
<testsuite hostname="C100-176" failures="0" tests="1" name="PracticeTesting.EasyCollab.Tests.LoginTest" time="3.845" errors="0" timestamp="2023-09-27T17:52:28 IST" skipped="0">
  <testcase classname="PracticeTesting.EasyCollab.Tests.LoginTest" name="UserPasswordValidation" time="3.845"/>
</testsuite> <!-- PracticeTesting.EasyCollab.Tests.LoginTest -->
