<?xml version="1.0" encoding="UTF-8"?>
<!-- Generated by org.testng.reporters.JUnitReportReporter -->
<testsuite hostname="C100-176" failures="0" tests="2" name="PracticeTesting.EasyCollab.Tests.PositiveTestCases.SupportTicketsPositiveTestCases" time="19.233" errors="0" timestamp="2023-12-26T11:52:58 IST" skipped="0">
  <testcase classname="PracticeTesting.EasyCollab.Tests.PositiveTestCases.SupportTicketsPositiveTestCases" name="GetAllStatuslist" time="14.650"/>
  <testcase classname="PracticeTesting.EasyCollab.Tests.PositiveTestCases.SupportTicketsPositiveTestCases" name="GetOpenStatuslist" time="4.583"/>
</testsuite> <!-- PracticeTesting.EasyCollab.Tests.PositiveTestCases.SupportTicketsPositiveTestCases -->
