<?xml version="1.0" encoding="UTF-8"?>
<!-- Generated by org.testng.reporters.JUnitReportReporter -->
<testsuite hostname="C100-176" failures="0" tests="1" name="PracticeTesting.EasyCollab.Tests.PositiveTestCases.LoginPositiveTest" time="6.494" errors="0" timestamp="2023-12-08T09:38:47 IST" skipped="0">
  <testcase classname="PracticeTesting.EasyCollab.Tests.PositiveTestCases.LoginPositiveTest" name="validLogin" time="6.494"/>
</testsuite> <!-- PracticeTesting.EasyCollab.Tests.PositiveTestCases.LoginPositiveTest -->
