<?xml version="1.0" encoding="UTF-8"?>
<!-- Generated by org.testng.reporters.JUnitReportReporter -->
<testsuite hostname="C100-176" failures="0" tests="1" name="PracticeTesting.EasyCollab.Tests.PositiveTestCases.BadgePositiveTest" time="21.484" errors="0" timestamp="2023-12-26T09:51:22 IST" skipped="0">
  <testcase classname="PracticeTesting.EasyCollab.Tests.PositiveTestCases.BadgePositiveTest" name="ContributionValidation" time="21.484"/>
</testsuite> <!-- PracticeTesting.EasyCollab.Tests.PositiveTestCases.BadgePositiveTest -->
