<?xml version="1.0" encoding="UTF-8"?>
<!-- Generated by org.testng.reporters.JUnitReportReporter -->
<testsuite hostname="C100-176" failures="0" tests="1" name="PracticeTesting.EasyCollab.Tests.PositiveTestCases.ProjectTestCase" time="9.943" errors="0" timestamp="2023-12-26T10:13:07 IST" skipped="0">
  <testcase classname="PracticeTesting.EasyCollab.Tests.PositiveTestCases.ProjectTestCase" name="GetProjectDetails" time="9.943"/>
</testsuite> <!-- PracticeTesting.EasyCollab.Tests.PositiveTestCases.ProjectTestCase -->
