<?xml version="1.0" encoding="UTF-8"?>
<!-- Generated by org.testng.reporters.JUnitReportReporter -->
<testsuite hostname="C100-176" failures="0" tests="1" name="PracticeTesting.EasyCollab.Tests.PositiveTestCases.LibraryTestCases" time="52.784" errors="0" timestamp="2024-01-12T17:22:24 IST" skipped="0">
  <testcase classname="PracticeTesting.EasyCollab.Tests.PositiveTestCases.LibraryTestCases" name="GetMostReadBooks" time="52.784"/>
</testsuite> <!-- PracticeTesting.EasyCollab.Tests.PositiveTestCases.LibraryTestCases -->
