<?xml version="1.0" encoding="UTF-8"?>
<!-- Generated by org.testng.reporters.JUnitReportReporter -->
<testsuite hostname="C100-176" failures="0" tests="1" name="PracticeTesting.EasyCollab.Tests.PositiveTestCases.TimeSheetTestCases" time="28.253" errors="0" timestamp="2023-12-25T15:43:48 IST" skipped="0">
  <testcase classname="PracticeTesting.EasyCollab.Tests.PositiveTestCases.TimeSheetTestCases" name="GetAllwithDatelist" time="28.253"/>
</testsuite> <!-- PracticeTesting.EasyCollab.Tests.PositiveTestCases.TimeSheetTestCases -->
