<?xml version="1.0" encoding="UTF-8"?>
<!-- Generated by org.testng.reporters.JUnitReportReporter -->
<testsuite hostname="C100-176" failures="0" tests="1" name="PracticeTesting.EasyCollab.Tests.PositiveTestCases.LoginTest" time="5.956" errors="0" timestamp="2023-10-31T12:11:50 IST" skipped="0">
  <testcase classname="PracticeTesting.EasyCollab.Tests.PositiveTestCases.LoginTest" name="UserPasswordValidation" time="5.956"/>
</testsuite> <!-- PracticeTesting.EasyCollab.Tests.PositiveTestCases.LoginTest -->
