<?xml version="1.0" encoding="UTF-8"?>
<!-- Generated by org.testng.reporters.JUnitReportReporter -->
<testsuite hostname="C100-176" failures="0" tests="5" name="PracticeTesting.EasyCollab.Tests.NegativeTestCases.ChangePasswordNegativeTest" time="45.651" errors="0" timestamp="2023-11-24T17:26:14 IST" skipped="0">
  <testcase classname="PracticeTesting.EasyCollab.Tests.NegativeTestCases.ChangePasswordNegativeTest" name="EmptyNewPasswordValidation" time="8.760"/>
  <testcase classname="PracticeTesting.EasyCollab.Tests.NegativeTestCases.ChangePasswordNegativeTest" name="IncorrectOldPasswordValidation" time="8.704"/>
  <testcase classname="PracticeTesting.EasyCollab.Tests.NegativeTestCases.ChangePasswordNegativeTest" name="MismatchedPasswordValidation" time="8.290"/>
  <testcase classname="PracticeTesting.EasyCollab.Tests.NegativeTestCases.ChangePasswordNegativeTest" name="EmptyChangePasswordValidation" time="11.183"/>
  <testcase classname="PracticeTesting.EasyCollab.Tests.NegativeTestCases.ChangePasswordNegativeTest" name="WeakPasswordValidation" time="8.714"/>
</testsuite> <!-- PracticeTesting.EasyCollab.Tests.NegativeTestCases.ChangePasswordNegativeTest -->
