<?xml version="1.0" encoding="UTF-8"?>
<!-- Generated by org.testng.reporters.JUnitReportReporter -->
<testsuite hostname="C100-176" failures="0" tests="1" name="PracticeTesting.EasyCollab.Tests.PositiveTestCases.SnackOrderReportTestCase" time="13.157" errors="0" timestamp="2024-01-15T10:30:48 IST" skipped="0">
  <testcase classname="PracticeTesting.EasyCollab.Tests.PositiveTestCases.SnackOrderReportTestCase" name="GetAllwithDate" time="13.157"/>
</testsuite> <!-- PracticeTesting.EasyCollab.Tests.PositiveTestCases.SnackOrderReportTestCase -->
