<?xml version="1.0" encoding="UTF-8"?>
<!-- Generated by org.testng.reporters.JUnitReportReporter -->
<testsuite hostname="C100-176" failures="0" tests="3" name="PracticeTesting.EasyCollab.Tests.NegativeTestCases.LoginNegativeTest" time="18.741" errors="0" timestamp="2023-11-22T17:33:01 IST" skipped="0">
  <testcase classname="PracticeTesting.EasyCollab.Tests.NegativeTestCases.LoginNegativeTest" name="UsernamePasswordBlankValidation" time="4.947"/>
  <testcase classname="PracticeTesting.EasyCollab.Tests.NegativeTestCases.LoginNegativeTest" name="UsernameValidation" time="5.027"/>
  <testcase classname="PracticeTesting.EasyCollab.Tests.NegativeTestCases.LoginNegativeTest" name="PasswordValidation" time="8.767"/>
</testsuite> <!-- PracticeTesting.EasyCollab.Tests.NegativeTestCases.LoginNegativeTest -->
