<?xml version="1.0" encoding="UTF-8"?>
<!-- Generated by org.testng.reporters.JUnitReportReporter -->
<testsuite hostname="C100-176" failures="0" tests="1" name="PracticeTesting.EasyCollab.Tests.NegativeTestCases.SupportTicketNegativeTestCase" time="15.236" errors="0" timestamp="2023-12-08T17:51:25 IST" skipped="0">
  <testcase classname="PracticeTesting.EasyCollab.Tests.NegativeTestCases.SupportTicketNegativeTestCase" name="GetGenerateTicketdata" time="15.236"/>
</testsuite> <!-- PracticeTesting.EasyCollab.Tests.NegativeTestCases.SupportTicketNegativeTestCase -->
